<?xml version="1.0" encoding="UTF-8"?>
<!-- Generated by org.testng.reporters.JUnitXMLReporter -->
<testsuite ignored="0" hostname="DESKTOP-MADHAVARAOMANCHI" failures="0" tests="4" name="Default test" time="6.139" errors="0" timestamp="2025-12-26T15:26:14 IST">
  <testcase classname="maddy.apiautomation.api.UserApiTest" name="deleteUser" time="3.217"/>
  <testcase classname="maddy.apiautomation.api.UserApiTest" name="getUser" time="0.937"/>
  <testcase classname="maddy.apiautomation.api.UserApiTest" name="postUser" time="0.371"/>
  <testcase classname="maddy.apiautomation.api.UserApiTest" name="putUser" time="0.824"/>
</testsuite> <!-- Default test -->
