<?xml version="1.0" encoding="UTF-8"?>
<testsuite xmlns:xsi="http://www.w3.org/2001/XMLSchema-instance" xsi:noNamespaceSchemaLocation="https://maven.apache.org/surefire/maven-surefire-plugin/xsd/surefire-test-report.xsd" version="3.0.1" name="TestSuite" time="6.752" tests="7" errors="0" skipped="0" failures="0">
  <properties>
[...]
</properties>
  <testcase name="deleteUser" classname="maddy.apiautomation.api.UserApiTest" time="2.203">
    <system-out><![CDATA[
================ API RESPONSE ================
Method        : DELETE
URL           : /users/1
Status Code   : 200 OK
Response Time : 1417 ms
==============================================

Expected Code : 200
Actual Code   : 200 OK
Result        : PASS ✅
Response Body:
{
    
}
]]></system-out>
    <system-err><![CDATA[SLF4J: Failed to load class "org.slf4j.impl.StaticLoggerBinder".
SLF4J: Defaulting to no-operation (NOP) logger implementation
SLF4J: See http://www.slf4j.org/codes.html#StaticLoggerBinder for further details.
]]></system-err>
  </testcase>
  <testcase name="getUser" classname="maddy.apiautomation.api.UserApiTest" time="0.778">
    <system-out><![CDATA[
================ API RESPONSE ================
Method        : GET
URL           : /users/1
Status Code   : 200 OK
Response Time : 92 ms
==============================================

Expected Code : 200
Actual Code   : 200 OK
Result        : PASS ✅
Response Body:
{
    "id": 1,
    "name": "Leanne Graham",
    "username": "Bret",
    "email": "Sincere@april.biz",
    "address": {
        "street": "Kulas Light",
        "suite": "Apt. 556",
        "city": "Gwenborough",
        "zipcode": "92998-3874",
        "geo": {
            "lat": "-37.3159",
            "lng": "81.1496"
        }
    },
    "phone": "1-770-736-8031 x56442",
    "website": "hildegard.org",
    "company": {
        "name": "Romaguera-Crona",
        "catchPhrase": "Multi-layered client-server neural-net",
        "bs": "harness real-time e-markets"
    }
}
]]></system-out>
  </testcase>
  <testcase name="postUser" classname="maddy.apiautomation.api.UserApiTest" time="0.363">
    <system-out><![CDATA[
================ API RESPONSE ================
Method        : POST
URL           : /users
Status Code   : 201 CREATED
Response Time : 306 ms
==============================================

Expected Code : 201
Actual Code   : 201 CREATED
Result        : PASS ✅
Response Body:
{
    "name": "Maddy",
    "username": "maddyqa",
    "email": "maddy@test.com",
    "id": 11
}
]]></system-out>
  </testcase>
  <testcase name="putUser" classname="maddy.apiautomation.api.UserApiTest" time="0.711">
    <system-out><![CDATA[
================ API RESPONSE ================
Method        : PUT
URL           : /users/1
Status Code   : 200 OK
Response Time : 654 ms
==============================================

Expected Code : 200
Actual Code   : 200 OK
Result        : PASS ✅
Response Body:
{
    "name": "Arjun",
    "username": "arjunqa",
    "email": "arjun@test.com",
    "id": 1
}
]]></system-out>
  </testcase>
  <testcase name="createUser" classname="maddy.apiautomation.api.ChainedApi" time="0.31">
    <system-out><![CDATA[
================ API RESPONSE ================
Method        : POST
URL           : /users
Status Code   : 201 CREATED
Response Time : 288 ms
==============================================

Expected Code : 201
Actual Code   : 201 CREATED
Result        : PASS ✅
Response Body:
{
    "name": "Madhav",
    "role": "QA Trainee",
    "email": "madhav@test.com",
    "id": 11
}
Created UserID: 11
]]></system-out>
  </testcase>
  <testcase name="getUser" classname="maddy.apiautomation.api.ChainedApi" time="0.094">
    <system-out><![CDATA[
================ API RESPONSE ================
Method        : GET
URL           : /users/11
Status Code   : 404 NOT FOUND
Response Time : 79 ms
==============================================

Expected Code : 404
Actual Code   : 404 NOT FOUND
Result        : PASS ✅
Response Body:
{
    
}
]]></system-out>
  </testcase>
  <testcase name="putUser" classname="maddy.apiautomation.api.ChainedApi" time="0.98">
    <system-out><![CDATA[
================ API RESPONSE ================
Method        : PUT
URL           : /users/11
Status Code   : 500 INTERNAL SERVER ERROR
Response Time : 815 ms
==============================================

Expected Code : 500
Actual Code   : 500 INTERNAL SERVER ERROR
Result        : PASS ✅
Response Body:
<html>
  <body>TypeError: Cannot read properties of undefined (reading 'id')
    at update (/app/node_modules/json-server/lib/server/router/plural.js:262:24)
    at Layer.handle [as handle_request] (/app/node_modules/express/lib/router/layer.js:95:5)
    at next (/app/node_modules/express/lib/router/route.js:137:13)
    at next (/app/node_modules/express/lib/router/route.js:131:14)
    at Route.dispatch (/app/node_modules/express/lib/router/route.js:112:3)
    at Layer.handle [as handle_request] (/app/node_modules/express/lib/router/layer.js:95:5)
    at /app/node_modules/express/lib/router/index.js:281:22
    at param (/app/node_modules/express/lib/router/index.js:354:14)
    at param (/app/node_modules/express/lib/router/index.js:365:14)
    at Function.process_params (/app/node_modules/express/lib/router/index.js:410:3)</body>
</html>
Response Body:
<html>
  <body>TypeError: Cannot read properties of undefined (reading 'id')
    at update (/app/node_modules/json-server/lib/server/router/plural.js:262:24)
    at Layer.handle [as handle_request] (/app/node_modules/express/lib/router/layer.js:95:5)
    at next (/app/node_modules/express/lib/router/route.js:137:13)
    at next (/app/node_modules/express/lib/router/route.js:131:14)
    at Route.dispatch (/app/node_modules/express/lib/router/route.js:112:3)
    at Layer.handle [as handle_request] (/app/node_modules/express/lib/router/layer.js:95:5)
    at /app/node_modules/express/lib/router/index.js:281:22
    at param (/app/node_modules/express/lib/router/index.js:354:14)
    at param (/app/node_modules/express/lib/router/index.js:365:14)
    at Function.process_params (/app/node_modules/express/lib/router/index.js:410:3)</body>
</html>
]]></system-out>
  </testcase>
</testsuite>