<?xml version="1.0" encoding="UTF-8"?>
<!-- Generated by org.testng.reporters.JUnitXMLReporter -->
<testsuite ignored="0" hostname="DESKTOP-MADHAVARAOMANCHI" failures="0" tests="7" name="API Tests" time="6.62" errors="0" timestamp="2025-12-26T15:51:49 IST">
  <testcase classname="maddy.apiautomation.api.UserApiTest" name="deleteUser" time="2.424"/>
  <testcase classname="maddy.apiautomation.api.UserApiTest" name="getUser" time="0.908"/>
  <testcase classname="maddy.apiautomation.api.UserApiTest" name="postUser" time="0.377"/>
  <testcase classname="maddy.apiautomation.api.UserApiTest" name="putUser" time="0.733"/>
  <testcase classname="maddy.apiautomation.api.ChainedApi" name="createUser" time="0.335"/>
  <testcase classname="maddy.apiautomation.api.ChainedApi" name="getUser" time="0.086"/>
  <testcase classname="maddy.apiautomation.api.ChainedApi" name="putUser" time="1.089"/>
</testsuite> <!-- API Tests -->
