<?xml version="1.0" encoding="UTF-8"?>
<!-- Generated by org.testng.reporters.JUnitXMLReporter -->
<testsuite ignored="0" hostname="DESKTOP-MADHAVARAOMANCHI" failures="0" tests="4" name="Default test" time="6.016" errors="0" timestamp="2026-01-09T15:44:12 IST">
  <testcase classname="maddy.apiautomation.api.UserApiTest" name="deleteUser" time="2.616"/>
  <testcase classname="maddy.apiautomation.api.UserApiTest" name="getUser" time="1.291"/>
  <testcase classname="maddy.apiautomation.api.UserApiTest" name="postUser" time="0.656"/>
  <testcase classname="maddy.apiautomation.api.UserApiTest" name="putUser" time="0.82"/>
</testsuite> <!-- Default test -->
