<?xml version="1.0" encoding="UTF-8"?>
<!-- Generated by org.testng.reporters.JUnitXMLReporter -->
<testsuite ignored="1" hostname="DESKTOP-MADHAVARAOMANCHI" failures="0" tests="7" name="API Tests" time="12.739" errors="0" timestamp="2026-01-09T10:34:03 IST">
  <testcase classname="maddy.apiautomation.api.UserApiTest" name="deleteUser" time="3.652"/>
  <testcase classname="maddy.apiautomation.api.UserApiTest" name="getUser" time="2.156"/>
  <testcase classname="maddy.apiautomation.api.UserApiTest" name="postUser" time="1.053"/>
  <testcase classname="maddy.apiautomation.api.UserApiTest" name="putUser" time="0.845"/>
  <testcase classname="maddy.apiautomation.api.ChainedApi" name="createUser" time="1.008"/>
  <testcase classname="maddy.apiautomation.api.ChainedApi" name="getUser" time="1.146"/>
  <testcase classname="maddy.apiautomation.api.ChainedApi" name="putUser" time="1.999"/>
  <testcase classname="maddy.apiautomation.base.BaseTest" name="@BeforeSuite setupAllureEnvironment" time="0.0">
    <ignored/>
  </testcase> <!-- @BeforeSuite setupAllureEnvironment -->
</testsuite> <!-- API Tests -->
