<?xml version="1.0" encoding="UTF-8"?>
<!-- Generated by org.testng.reporters.JUnitReportReporter -->
<testsuite hostname="DESKTOP-MADHAVARAOMANCHI" failures="0" tests="4" name="maddy.apiautomation.api.UserApiTest" time="4.442" errors="0" timestamp="2025-12-26T15:51:49 IST" skipped="0">
  <testcase classname="maddy.apiautomation.api.UserApiTest" name="getUser" time="0.908"/>
  <testcase classname="maddy.apiautomation.api.UserApiTest" name="putUser" time="0.733"/>
  <testcase classname="maddy.apiautomation.api.UserApiTest" name="deleteUser" time="2.424"/>
  <testcase classname="maddy.apiautomation.api.UserApiTest" name="postUser" time="0.377"/>
</testsuite> <!-- maddy.apiautomation.api.UserApiTest -->
