<?xml version="1.0" encoding="UTF-8"?>
<!-- Generated by org.testng.reporters.JUnitXMLReporter -->
<testsuite ignored="0" hostname="DESKTOP-MADHAVARAOMANCHI" failures="0" tests="7" name="API Tests" time="6.019" errors="0" timestamp="2025-12-26T15:54:48 IST">
  <testcase classname="maddy.apiautomation.api.UserApiTest" name="deleteUser" time="2.249"/>
  <testcase classname="maddy.apiautomation.api.UserApiTest" name="getUser" time="0.788"/>
  <testcase classname="maddy.apiautomation.api.UserApiTest" name="postUser" time="0.361"/>
  <testcase classname="maddy.apiautomation.api.UserApiTest" name="putUser" time="0.69"/>
  <testcase classname="maddy.apiautomation.api.ChainedApi" name="createUser" time="0.326"/>
  <testcase classname="maddy.apiautomation.api.ChainedApi" name="getUser" time="0.089"/>
  <testcase classname="maddy.apiautomation.api.ChainedApi" name="putUser" time="0.979"/>
</testsuite> <!-- API Tests -->
