<?xml version="1.0" encoding="UTF-8"?>
<testng-results ignored="0" total="7" passed="7" failed="0" skipped="0">
  <reporter-output>
  </reporter-output>
  <suite started-at="2026-01-09T10:33:50 IST" name="API Automation Suite" finished-at="2026-01-09T10:34:03 IST" duration-ms="12739">
    <groups>
    </groups>
    <test started-at="2026-01-09T10:33:50 IST" name="API Tests" finished-at="2026-01-09T10:34:03 IST" duration-ms="12739">
      <class name="maddy.apiautomation.api.UserApiTest">
        <test-method is-config="true" signature="setupAllureEnvironment()[pri:0, instance:maddy.apiautomation.api.UserApiTest@449a4f23]" started-at="2026-01-09T10:33:50 IST" name="setupAllureEnvironment" finished-at="2026-01-09T10:33:50 IST" duration-ms="29" status="PASS">
          <reporter-output>
          </reporter-output>
        </test-method> <!-- setupAllureEnvironment -->
        <test-method is-config="true" signature="setup()[pri:0, instance:maddy.apiautomation.api.UserApiTest@449a4f23]" started-at="2026-01-09T10:33:50 IST" name="setup" finished-at="2026-01-09T10:33:50 IST" duration-ms="607" status="PASS">
          <reporter-output>
          </reporter-output>
        </test-method> <!-- setup -->
        <test-method signature="deleteUser()[pri:0, instance:maddy.apiautomation.api.UserApiTest@449a4f23]" started-at="2026-01-09T10:33:51 IST" name="deleteUser" description="Create a new user using DELETE /users" finished-at="2026-01-09T10:33:54 IST" duration-ms="3652" status="PASS">
          <reporter-output>
          </reporter-output>
        </test-method> <!-- deleteUser -->
        <test-method is-config="true" signature="setup()[pri:0, instance:maddy.apiautomation.api.UserApiTest@449a4f23]" started-at="2026-01-09T10:33:54 IST" name="setup" finished-at="2026-01-09T10:33:54 IST" duration-ms="2" status="PASS">
          <reporter-output>
          </reporter-output>
        </test-method> <!-- setup -->
        <test-method signature="getUser()[pri:0, instance:maddy.apiautomation.api.UserApiTest@449a4f23]" started-at="2026-01-09T10:33:54 IST" name="getUser" description="Get a new user using GET /users" finished-at="2026-01-09T10:33:56 IST" duration-ms="2156" status="PASS">
          <reporter-output>
          </reporter-output>
        </test-method> <!-- getUser -->
        <test-method is-config="true" signature="setup()[pri:0, instance:maddy.apiautomation.api.UserApiTest@449a4f23]" started-at="2026-01-09T10:33:56 IST" name="setup" finished-at="2026-01-09T10:33:56 IST" duration-ms="1" status="PASS">
          <reporter-output>
          </reporter-output>
        </test-method> <!-- setup -->
        <test-method signature="postUser()[pri:0, instance:maddy.apiautomation.api.UserApiTest@449a4f23]" started-at="2026-01-09T10:33:56 IST" name="postUser" description="Create a new user using POST /users" finished-at="2026-01-09T10:33:57 IST" duration-ms="1053" status="PASS">
          <reporter-output>
          </reporter-output>
        </test-method> <!-- postUser -->
        <test-method is-config="true" signature="setup()[pri:0, instance:maddy.apiautomation.api.UserApiTest@449a4f23]" started-at="2026-01-09T10:33:57 IST" name="setup" finished-at="2026-01-09T10:33:57 IST" duration-ms="1" status="PASS">
          <reporter-output>
          </reporter-output>
        </test-method> <!-- setup -->
        <test-method signature="putUser()[pri:0, instance:maddy.apiautomation.api.UserApiTest@449a4f23]" started-at="2026-01-09T10:33:57 IST" name="putUser" description="Update a new user using PUT /users" finished-at="2026-01-09T10:33:58 IST" duration-ms="845" status="PASS">
          <reporter-output>
          </reporter-output>
        </test-method> <!-- putUser -->
      </class> <!-- maddy.apiautomation.api.UserApiTest -->
      <class name="maddy.apiautomation.api.ChainedApi">
        <test-method is-config="true" signature="setup()[pri:0, instance:maddy.apiautomation.api.ChainedApi@2cf3d63b]" started-at="2026-01-09T10:33:58 IST" name="setup" finished-at="2026-01-09T10:33:58 IST" duration-ms="2" status="PASS">
          <reporter-output>
          </reporter-output>
        </test-method> <!-- setup -->
        <test-method signature="createUser()[pri:0, instance:maddy.apiautomation.api.ChainedApi@2cf3d63b]" started-at="2026-01-09T10:33:58 IST" name="createUser" description="Create a new user using POST /users" finished-at="2026-01-09T10:33:59 IST" duration-ms="1008" status="PASS">
          <reporter-output>
          </reporter-output>
        </test-method> <!-- createUser -->
        <test-method is-config="true" signature="setup()[pri:0, instance:maddy.apiautomation.api.ChainedApi@2cf3d63b]" started-at="2026-01-09T10:33:59 IST" name="setup" finished-at="2026-01-09T10:33:59 IST" duration-ms="2" status="PASS">
          <reporter-output>
          </reporter-output>
        </test-method> <!-- setup -->
        <test-method signature="getUser()[pri:0, instance:maddy.apiautomation.api.ChainedApi@2cf3d63b]" started-at="2026-01-09T10:33:59 IST" name="getUser" description="Get a new user using GET /users" finished-at="2026-01-09T10:34:00 IST" depends-on-methods="maddy.apiautomation.api.ChainedApi.createUser" duration-ms="1146" status="PASS">
          <reporter-output>
          </reporter-output>
        </test-method> <!-- getUser -->
        <test-method is-config="true" signature="setup()[pri:0, instance:maddy.apiautomation.api.ChainedApi@2cf3d63b]" started-at="2026-01-09T10:34:00 IST" name="setup" finished-at="2026-01-09T10:34:00 IST" duration-ms="2" status="PASS">
          <reporter-output>
          </reporter-output>
        </test-method> <!-- setup -->
        <test-method signature="putUser()[pri:0, instance:maddy.apiautomation.api.ChainedApi@2cf3d63b]" started-at="2026-01-09T10:34:00 IST" name="putUser" description="Update a new user using PUT /users" finished-at="2026-01-09T10:34:02 IST" depends-on-methods="maddy.apiautomation.api.ChainedApi.createUser" duration-ms="1999" status="PASS">
          <reporter-output>
          </reporter-output>
        </test-method> <!-- putUser -->
      </class> <!-- maddy.apiautomation.api.ChainedApi -->
    </test> <!-- API Tests -->
  </suite> <!-- API Automation Suite -->
</testng-results>
