<?xml version="1.0" encoding="UTF-8"?>
<testng-results ignored="0" total="4" passed="4" failed="0" skipped="0">
  <reporter-output>
  </reporter-output>
  <suite started-at="2026-01-09T15:44:06 IST" name="Default suite" finished-at="2026-01-09T15:44:12 IST" duration-ms="6016">
    <groups>
    </groups>
    <test started-at="2026-01-09T15:44:06 IST" name="Default test" finished-at="2026-01-09T15:44:12 IST" duration-ms="6016">
      <class name="maddy.apiautomation.api.UserApiTest">
        <test-method is-config="true" signature="setupAllureEnvironment()[pri:0, instance:maddy.apiautomation.api.UserApiTest@5b38c1ec]" started-at="2026-01-09T15:44:06 IST" name="setupAllureEnvironment" finished-at="2026-01-09T15:44:06 IST" duration-ms="26" status="PASS">
          <reporter-output>
          </reporter-output>
        </test-method> <!-- setupAllureEnvironment -->
        <test-method is-config="true" signature="setup()[pri:0, instance:maddy.apiautomation.api.UserApiTest@5b38c1ec]" started-at="2026-01-09T15:44:06 IST" name="setup" finished-at="2026-01-09T15:44:06 IST" duration-ms="467" status="PASS">
          <reporter-output>
          </reporter-output>
        </test-method> <!-- setup -->
        <test-method signature="deleteUser()[pri:0, instance:maddy.apiautomation.api.UserApiTest@5b38c1ec]" started-at="2026-01-09T15:44:06 IST" name="deleteUser" description="Create a new user using DELETE /users" finished-at="2026-01-09T15:44:09 IST" duration-ms="2616" status="PASS">
          <reporter-output>
          </reporter-output>
        </test-method> <!-- deleteUser -->
        <test-method is-config="true" signature="setup()[pri:0, instance:maddy.apiautomation.api.UserApiTest@5b38c1ec]" started-at="2026-01-09T15:44:09 IST" name="setup" finished-at="2026-01-09T15:44:09 IST" duration-ms="2" status="PASS">
          <reporter-output>
          </reporter-output>
        </test-method> <!-- setup -->
        <test-method signature="getUser()[pri:0, instance:maddy.apiautomation.api.UserApiTest@5b38c1ec]" started-at="2026-01-09T15:44:09 IST" name="getUser" description="Get a new user using GET /users" finished-at="2026-01-09T15:44:10 IST" duration-ms="1291" status="PASS">
          <reporter-output>
          </reporter-output>
        </test-method> <!-- getUser -->
        <test-method is-config="true" signature="setup()[pri:0, instance:maddy.apiautomation.api.UserApiTest@5b38c1ec]" started-at="2026-01-09T15:44:10 IST" name="setup" finished-at="2026-01-09T15:44:10 IST" duration-ms="1" status="PASS">
          <reporter-output>
          </reporter-output>
        </test-method> <!-- setup -->
        <test-method signature="postUser()[pri:0, instance:maddy.apiautomation.api.UserApiTest@5b38c1ec]" started-at="2026-01-09T15:44:10 IST" name="postUser" description="Create a new user using POST /users" finished-at="2026-01-09T15:44:11 IST" duration-ms="656" status="PASS">
          <reporter-output>
          </reporter-output>
        </test-method> <!-- postUser -->
        <test-method is-config="true" signature="setup()[pri:0, instance:maddy.apiautomation.api.UserApiTest@5b38c1ec]" started-at="2026-01-09T15:44:11 IST" name="setup" finished-at="2026-01-09T15:44:11 IST" duration-ms="1" status="PASS">
          <reporter-output>
          </reporter-output>
        </test-method> <!-- setup -->
        <test-method signature="putUser()[pri:0, instance:maddy.apiautomation.api.UserApiTest@5b38c1ec]" started-at="2026-01-09T15:44:11 IST" name="putUser" description="Update a new user using PUT /users" finished-at="2026-01-09T15:44:12 IST" duration-ms="820" status="PASS">
          <reporter-output>
          </reporter-output>
        </test-method> <!-- putUser -->
      </class> <!-- maddy.apiautomation.api.UserApiTest -->
    </test> <!-- Default test -->
  </suite> <!-- Default suite -->
</testng-results>
