<?xml version="1.0" encoding="UTF-8"?>
<!-- Generated by org.testng.reporters.JUnitReportReporter -->
<testsuite hostname="DESKTOP-MADHAVARAOMANCHI" failures="0" tests="4" name="maddy.apiautomation.api.UserApiTest" time="5.854" errors="0" timestamp="2026-01-09T15:44:12 IST" skipped="0">
  <testcase classname="maddy.apiautomation.api.UserApiTest" name="putUser" time="0.822"/>
  <testcase classname="maddy.apiautomation.api.UserApiTest" name="getUser" time="1.292"/>
  <testcase classname="maddy.apiautomation.api.UserApiTest" name="postUser" time="1.123"/>
  <testcase classname="maddy.apiautomation.api.UserApiTest" name="deleteUser" time="2.617"/>
</testsuite> <!-- maddy.apiautomation.api.UserApiTest -->
