<?xml version="1.0" encoding="UTF-8"?>
<!-- Generated by org.testng.reporters.JUnitReportReporter -->
<testsuite hostname="DESKTOP-MADHAVARAOMANCHI" failures="0" tests="3" name="maddy.apiautomation.api.ChainedApi" time="4.159" errors="0" timestamp="2026-01-09T10:34:03 IST" skipped="0">
  <testcase classname="maddy.apiautomation.api.ChainedApi" name="putUser" time="2.001"/>
  <testcase classname="maddy.apiautomation.api.ChainedApi" name="createUser" time="1.010"/>
  <testcase classname="maddy.apiautomation.api.ChainedApi" name="getUser" time="1.148"/>
</testsuite> <!-- maddy.apiautomation.api.ChainedApi -->
