<?xml version="1.0" encoding="UTF-8"?>
<!-- Generated by org.testng.reporters.JUnitReportReporter -->
<testsuite hostname="DESKTOP-MADHAVARAOMANCHI" failures="0" tests="4" name="maddy.apiautomation.api.UserApiTest" time="8.317" errors="0" timestamp="2026-01-09T10:34:03 IST" skipped="0">
  <testcase classname="maddy.apiautomation.api.UserApiTest" name="deleteUser" time="3.653"/>
  <testcase classname="maddy.apiautomation.api.UserApiTest" name="getUser" time="2.158"/>
  <testcase classname="maddy.apiautomation.api.UserApiTest" name="putUser" time="1.452"/>
  <testcase classname="maddy.apiautomation.api.UserApiTest" name="postUser" time="1.054"/>
</testsuite> <!-- maddy.apiautomation.api.UserApiTest -->
