<?xml version="1.0" encoding="UTF-8"?>
<!-- Generated by org.testng.reporters.JUnitReportReporter -->
<testsuite hostname="DESKTOP-MADHAVARAOMANCHI" failures="0" tests="3" name="maddy.apiautomation.api.ChainedApi" time="1.394" errors="0" timestamp="2025-12-26T15:54:48 IST" skipped="0">
  <testcase classname="maddy.apiautomation.api.ChainedApi" name="createUser" time="0.326"/>
  <testcase classname="maddy.apiautomation.api.ChainedApi" name="putUser" time="0.979"/>
  <testcase classname="maddy.apiautomation.api.ChainedApi" name="getUser" time="0.089"/>
</testsuite> <!-- maddy.apiautomation.api.ChainedApi -->
